nohup: ignoring input
{   'io': {   'datadir': '/home/super/datasets-nas/line_detection/europa/128x128',
              'dataname': 'shanghaiTech',
              'logdir': 'logs/',
              'model_initialize_file': None,
              'num_workers': 4,
              'resume_from': None,
              'tensorboard_port': 0,
              'validation_interval': 60000,
              'visual_num': 2},
    'model': {   'ang_type': 'radian',
                 'backbone': 'stacked_hourglass',
                 'batch_size': 18,
                 'crop': True,
                 'crop_factor': 1.6,
                 'delta': 0.8,
                 'depth': 3,
                 'eval_batch_size': 2,
                 'head': {   'angle': {   'head_size': 1,
                                          'loss': 'sigmoid_L1',
                                          'loss_weight': 1.0},
                             'lcmap': {   'focal_alpha': 5.0,
                                          'head_size': 2,
                                          'loss': 'Focal_loss',
                                          'loss_weight': 1.0},
                             'lcoff': {   'head_size': 2,
                                          'loss': 'sigmoid_L1',
                                          'loss_weight': 0.25},
                             'lleng': {   'head_size': 1,
                                          'loss': 'sigmoid_L1',
                                          'loss_weight': 3.0},
                             'order': <BoxList: ['lcmap', 'lcoff', 'lleng', 'angle']>},
                 'head_net': <BoxList: ['raw', 'raw', 'raw', 'raw']>,
                 'image': {   'mean': <BoxList: [109.73, 103.832, 98.681]>,
                              'stddev': <BoxList: [22.275, 22.124, 23.229]>},
                 'inplanes': 64,
                 'lformat': 'la',
                 'nlines': 1000,
                 'num_blocks': 1,
                 'num_stacks': 1,
                 'resolution': 128,
                 's_nms': 0,
                 'stage1': 'fclip'},
    'optim': {   'amsgrad': True,
                 'lr': 0.0004,
                 'lr_decay_epoch': <BoxList: [240, 280]>,
                 'lr_scheduler': 'multi_step',
                 'max_epoch': 100,
                 'name': 'Adam',
                 'weight_decay': 0.0001}}
Let's use 1 GPU(s)!
dataset: shanghaiTech
ntrain: 106
dataset: shanghaiTech
nvalid: 106
0-th head, head type raw, head output 2
1-th head, head type raw, head output 2
2-th head, head type raw, head output 1
3-th head, head type raw, head output 1
Finished constructing model!
outdir: logs/220516-172342-HG1_D3
Traceback (most recent call last):
  File "train.py", line 207, in <module>
    main()
  File "train.py", line 197, in main
    trainer.train()
  File "/home/supreme/nic/F-Clip/FClip/trainer.py", line 218, in train
    self.train_epoch()
  File "/home/supreme/nic/F-Clip/FClip/trainer.py", line 169, in train_epoch
    for batch_idx, (image, meta, target) in enumerate(self.train_loader):
  File "/home/supreme/.local/lib/python3.7/site-packages/torch/utils/data/dataloader.py", line 517, in __next__
    data = self._next_data()
  File "/home/supreme/.local/lib/python3.7/site-packages/torch/utils/data/dataloader.py", line 1199, in _next_data
    return self._process_data(data)
  File "/home/supreme/.local/lib/python3.7/site-packages/torch/utils/data/dataloader.py", line 1225, in _process_data
    data.reraise()
  File "/home/supreme/.local/lib/python3.7/site-packages/torch/_utils.py", line 429, in reraise
    raise self.exc_type(msg)
FileNotFoundError: Caught FileNotFoundError in DataLoader worker process 0.
Original Traceback (most recent call last):
  File "/home/supreme/.local/lib/python3.7/site-packages/torch/utils/data/_utils/worker.py", line 202, in _worker_loop
    data = fetcher.fetch(index)
  File "/home/supreme/.local/lib/python3.7/site-packages/torch/utils/data/_utils/fetch.py", line 44, in fetch
    data = [self.dataset[idx] for idx in possibly_batched_index]
  File "/home/supreme/.local/lib/python3.7/site-packages/torch/utils/data/_utils/fetch.py", line 44, in <listcomp>
    data = [self.dataset[idx] for idx in possibly_batched_index]
  File "/home/supreme/nic/F-Clip/FClip/datasets.py", line 59, in __getitem__
    M.ang_type
  File "/home/supreme/nic/F-Clip/dataset/input_parsing.py", line 47, in fclip_parsing
    with np.load(npz_name) as npz:
  File "/home/supreme/.local/lib/python3.7/site-packages/numpy/lib/npyio.py", line 417, in load
    fid = stack.enter_context(open(os_fspath(file), "rb"))
FileNotFoundError: [Errno 2] No such file or directory: '/home/super/datasets-nas/line_detection/europa/128x128/train/00017103_line.npz'

